1 3 11 4 7
2 0 6 13 91
3 12 0 0 3
4 0 1 0 35
5 0 5 13 38
6 0 6 12 23
7 4 1 13 12
8 0 4 11 59
9 5 13 13 27
10 0 1 16 17
11 0 1 6 14
12 3 2 35 18
13 0 1 11 51
14 0 3 15 12
15 1 1 17 24
16 18 1 4 44
17 1 0 16 15
18 0 11 26 50
19 1 4 10 27
20 0 3 14 2
21 1 0 9 58
22 23 11 0 67
23 3 1 6 101
24 0 5 2 32
25 6 1 14 2
26 6 8 16 2
27 0 0 8 20
28 1 5 1 36
29 8 4 18 8
30 0 0 2 14
31 0 6 33 68
32 3 3 5 28
33 0 0 13 28
34 2 0 11 111
35 0 0 1 121
36 1 0 31 0
37 10 2 7 6
38 0 12 5 50
39 0 4 14 24
40 0 1 12 24
41 16 7 3 19
42 8 0 18 59
43 1 15 7 16
44 10 0 0 70
45 0 3 21 30
46 0 5 3 52
47 7 10 7 6
48 6 7 25 40
49 27 4 5 8
50 0 2 14 22
51 0 2 7 20
52 0 8 13 43
53 1 0 5 0
54 0 4 12 66
55 0 4 11 14
56 0 0 24 33
57 2 7 4 21
58 0 1 0 33
59 15 3 2 33
60 1 3 19 8
61 0 5 8 0
62 4 5 0 0
63 0 4 12 34
64 2 5 3 19
65 0 6 27 9
66 2 1 11 16
67 5 6 6 74
68 0 0 11 19
69 0 1 20 4
70 2 1 2 0
71 22 0 9 17
72 0 6 13 58
73 0 2 0 78
74 3 2 3 18
75 0 1 4 8
76 13 5 3 65
77 0 10 3 29
78 0 0 5 5
79 0 3 1 68
80 1 0 1 24
81 1 3 0 68
82 0 1 10 86
83 0 4 5 0
84 0 0 9 84
85 0 8 17 49
86 0 2 9 84
87 1 6 0 7
88 11 1 28 0
89 0 0 15 48
90 2 1 2 33
91 0 1 4 29
92 0 0 6 28
93 6 6 4 16
94 35 9 8 31
95 0 8 7 3
96 0 0 14 5
97 4 8 36 18
98 0 4 0 11
99 0 3 15 56
100 0 0 3 21
101 19 3 7 60
102 0 6 8 26
103 1 4 9 70
104 1 2 13 32
105 5 5 2 51
106 0 0 3 76
107 2 2 7 3
108 0 13 1 5
109 0 4 5 50
110 0 5 1 72
111 0 0 9 73
112 0 4 8 49
113 2 5 24 22
114 0 8 16 0
115 16 0 4 169
116 0 3 4 60
117 0 13 5 57
118 1 0 23 18
119 2 0 1 13
120 16 0 1 66
121 2 0 14 16
122 4 4 1 47
123 3 1 1 56
124 0 9 9 17
125 8 6 20 76
126 9 0 2 39
127 6 3 5 41
128 6 3 15 12
129 4 2 8 67
130 0 6 18 76
131 0 7 25 27
132 0 4 6 95
133 9 2 0 13
134 1 8 4 95
135 3 0 5 78
136 0 0 13 69
137 0 0 15 13
138 0 1 13 34
139 0 7 0 37
140 3 2 2 54
141 10 2 2 34
142 0 0 8 19
143 0 1 0 46
144 0 0 5 117
145 0 0 3 8
146 0 4 3 91
147 0 3 6 61
148 8 1 0 4
149 0 3 6 68
150 3 2 24 30
151 4 0 11 0
152 0 2 5 4
153 0 3 17 72
154 0 2 25 9
155 0 2 10 21
156 0 7 23 30
157 7 0 17 0
158 4 3 5 51
159 0 5 3 51
160 2 3 4 59
161 4 4 13 40
162 0 0 7 40
163 0 7 2 8
164 0 3 16 190
165 0 0 15 33
166 6 6 5 40
167 0 3 3 23
168 0 8 0 29
169 2 5 31 17
170 8 6 8 35
171 0 0 10 63
172 0 8 0 25
173 0 0 11 0
174 10 3 12 9
175 1 8 2 13
176 0 4 9 10
177 10 6 0 101
178 0 2 5 49
179 0 5 11 0
180 2 4 10 19
181 0 4 2 47
182 0 1 9 90
183 0 20 11 49
184 20 4 6 54
185 2 4 21 31
186 5 7 18 69
187 0 1 0 5
188 1 5 4 87
189 4 12 7 48
190 0 3 22 60
191 0 6 5 108
192 0 8 5 0
193 0 4 16 25
194 10 1 7 13
195 0 8 7 91
196 0 2 11 21
197 0 7 1 0
198 0 5 7 76
199 0 0 3 24
200 0 6 6 7
201 0 5 8 14
202 6 1 1 12
203 0 4 15 70
204 0 6 9 19
205 0 3 21 98
206 0 6 3 0
207 0 12 0 16
208 10 0 4 28
209 3 0 17 46
210 0 3 0 32
211 5 0 2 35
212 2 5 2 76
213 0 6 6 63
214 7 2 0 112
215 0 0 1 54
216 0 14 0 64
217 5 2 7 0
218 2 3 19 8
219 0 2 23 33
220 0 1 18 23
221 1 11 3 18
222 0 6 22 9
223 0 2 9 111
224 10 5 5 38
225 2 4 11 24
226 4 6 0 30
227 1 6 8 167
228 6 6 2 83
229 0 1 2 23
230 0 2 1 49
231 0 0 13 42
232 6 7 19 49
233 0 1 24 14
234 1 0 6 26
235 0 0 4 61
236 0 4 11 34
237 0 8 8 8
238 0 11 9 51
239 11 1 13 118
240 0 1 1 63
241 0 1 7 103
242 2 2 25 12
243 0 3 3 12
244 0 1 1 53
245 11 8 10 176
246 2 4 5 71
247 0 0 14 55
248 4 4 12 45
249 14 1 10 27
250 0 10 1 36
251 0 14 4 12
252 3 0 0 25
253 0 2 7 40
254 1 0 1 96
255 0 0 2 67
256 2 0 19 22
257 0 0 5 2
258 0 2 9 57
259 0 1 21 50
260 0 2 14 79
261 1 0 37 14
262 9 0 5 19
263 6 0 8 67
264 0 3 9 31
265 11 1 18 73
266 0 0 13 0
267 8 2 3 99
268 0 3 7 102
269 1 2 0 41
270 11 11 1 26
271 16 1 14 29
272 3 5 4 23
273 0 4 1 10
274 0 1 2 35
275 0 0 2 124
276 5 4 9 22
277 0 1 21 16
278 3 3 7 50
279 5 4 16 0
280 1 8 0 10
281 0 2 17 37
282 0 6 5 19
283 5 6 4 7
284 0 0 20 54
285 0 1 6 27
286 0 2 17 31
287 0 9 0 57
288 0 3 2 12
289 0 1 4 27
290 0 0 0 35
291 0 1 19 6
292 14 0 26 55
293 1 1 10 11
294 0 5 6 77
295 0 10 7 41
296 4 4 5 61
297 2 6 24 30
298 0 3 3 16
299 4 10 10 4
300 0 6 5 19
301 0 8 1 46
302 0 4 9 1
303 0 2 3 51
304 0 0 5 42
305 0 1 9 3
306 0 6 1 27
307 0 0 10 26
308 0 19 5 85
309 0 4 8 9
310 11 8 5 48
311 0 13 1 34
312 1 6 6 18
313 13 4 5 39
314 0 0 4 50
315 7 2 8 30
316 0 1 8 31
317 0 5 0 11
318 8 11 19 4
319 0 1 0 56
320 2 3 0 40
321 17 0 17 18
322 3 10 2 8
323 2 0 0 1
324 0 6 16 31
325 0 0 3 15
326 1 0 0 21
327 0 0 11 19
328 0 0 7 11
329 18 8 36 56
330 14 2 0 50
331 0 2 0 49
332 0 4 22 122
333 2 7 4 49
334 0 0 16 28
335 2 0 0 1
336 0 0 2 77
337 0 4 3 34
338 9 3 8 21
339 0 8 19 45
340 0 0 9 57
341 3 0 6 24
342 7 14 0 68
343 3 5 12 40
344 0 8 10 13
345 0 3 0 24
346 0 8 1 74
347 1 6 17 16
348 4 2 0 34
349 0 5 22 41
350 0 5 6 70
351 0 2 10 30
352 2 6 0 38
353 7 0 20 25
354 5 5 10 69
355 2 7 35 1
356 0 1 5 92
357 3 2 13 55
358 3 0 3 2
359 3 3 21 89
360 0 4 6 12
361 4 2 6 31
362 0 3 1 67
363 0 0 11 18
364 11 0 15 43
365 0 3 0 65
366 0 3 0 39
367 1 5 9 0
368 6 5 0 69
369 0 1 5 23
370 10 2 2 15
371 6 0 9 119
372 0 3 4 70
373 12 0 3 21
374 2 7 7 8
375 0 4 17 41
376 1 1 24 14
377 5 0 9 1
378 4 0 7 14
379 0 0 9 67
380 0 4 10 0
381 2 1 9 9
382 9 0 0 11
383 0 10 24 0
384 1 6 7 20
385 15 1 20 57
386 0 5 4 12
387 2 7 7 32
388 0 6 7 28
389 4 7 12 88
390 16 1 0 57
391 0 1 5 22
392 0 2 0 81
393 0 5 0 33
394 2 5 0 19
395 0 2 10 11
396 0 1 4 31
397 2 2 1 7
398 0 7 0 81
399 0 2 11 155
400 0 4 6 23
401 1 0 0 11
402 0 1 2 16
403 0 4 0 60
404 0 3 31 13
405 9 7 6 38
406 0 1 3 50
407 0 0 8 12
408 0 1 8 47
409 1 3 3 2
410 8 0 3 2
411 17 15 11 40
412 11 0 15 25
413 0 1 9 31
414 0 6 11 8
415 3 1 4 4
416 0 1 0 17
417 3 1 12 37
418 2 9 4 32
419 7 10 36 56
420 15 3 0 63
421 2 12 10 84
422 18 0 9 74
423 0 4 15 55
424 0 2 3 0
425 0 9 13 0
426 26 2 0 56
427 7 5 11 42
428 0 8 2 27
429 0 3 14 40
430 0 0 5 52
431 2 1 2 44
432 0 0 8 48
433 1 0 0 41
434 0 0 0 15
435 0 4 12 8
436 0 6 3 54
437 1 0 7 86
438 2 0 6 15
439 4 2 0 41
440 10 0 13 34
441 1 2 5 83
442 0 3 5 29
443 0 2 26 22
444 0 21 7 46
445 4 5 0 91
446 20 1 2 35
447 5 2 9 74
448 0 4 16 8
449 1 0 3 60
450 0 6 5 21
451 0 5 9 34
452 0 16 8 10
453 0 0 21 46
454 0 13 1 17
455 0 3 3 7
456 0 0 1 18
457 3 1 13 37
458 0 4 3 9
459 4 0 9 15
460 4 15 13 3
461 6 5 8 43
462 0 2 14 61
463 31 7 1 3
464 0 2 3 85
465 5 0 7 31
466 0 7 5 0
467 5 1 12 35
468 0 1 1 20
469 0 1 4 55
470 0 5 4 5
471 0 0 14 35
472 0 9 0 29
473 1 0 5 7
474 0 0 3 60
475 0 3 28 44
476 0 1 25 15
477 0 3 8 50
478 2 2 3 104
479 0 6 1 36
480 0 8 18 30
481 3 10 0 17
482 5 4 7 0
483 0 3 4 95
484 1 0 5 13
485 0 4 12 45
486 0 0 0 0
487 0 8 18 4
488 5 8 0 7
489 0 9 11 13
490 0 8 7 27
491 1 2 31 23
492 0 0 1 12
493 0 4 21 62
494 2 0 0 27
495 6 0 14 55
496 0 0 15 16
497 6 10 21 29
498 1 0 15 64
499 0 2 18 16
500 12 0 4 30
501 0 1 9 54
502 0 1 7 20
503 12 7 0 1
504 0 0 2 13
505 0 5 0 36
506 9 14 9 5
507 0 1 32 18
508 2 1 2 34
509 0 9 8 21
510 0 4 4 57
511 0 3 10 22
512 0 1 7 0
513 14 2 0 36
514 0 0 2 21
515 1 4 0 70
516 0 0 27 20
517 1 0 20 13
518 0 11 7 36
519 1 6 3 9
520 0 7 7 47
521 0 9 1 0
522 7 2 10 75
523 0 0 7 16
524 8 1 7 50
525 0 2 14 76
526 9 3 4 9
527 0 5 10 45
528 0 4 9 32
529 11 1 6 12
530 9 3 3 72
531 0 1 1 18
532 0 3 1 37
533 1 1 13 23
534 15 4 6 47
535 10 4 12 6
536 0 0 12 35
537 0 0 9 35
538 6 2 1 49
539 1 4 8 20
540 7 3 9 84
541 0 2 32 64
542 0 0 25 11
543 0 12 4 43
544 0 6 6 18
545 9 2 11 45
546 0 0 0 24
547 0 24 6 38
548 0 0 17 55
549 1 3 5 107
550 0 1 11 29
551 0 4 0 18
552 3 6 3 74
553 0 7 11 55
554 0 1 2 5
555 0 3 5 0
556 3 3 3 24
557 0 5 2 73
558 1 0 0 68
559 4 3 5 74
560 3 5 0 13
561 0 2 5 19
562 0 3 26 18
563 0 0 4 11
564 2 0 24 34
565 0 6 16 43
566 0 8 8 10
567 0 8 17 37
568 0 13 1 130
569 1 4 13 2
570 18 1 26 68
571 0 0 0 51
572 0 10 24 0
573 1 3 6 25
574 0 6 4 66
575 1 1 1 19
576 0 4 8 27
577 0 3 12 39
578 5 1 20 42
579 5 3 25 31
580 0 3 7 42
581 0 4 10 30
582 0 1 11 18
583 0 4 0 18
584 1 0 6 11
585 0 1 6 21
586 0 10 4 30
587 0 5 11 0
588 2 6 0 33
589 0 9 12 28
590 0 0 16 39
591 0 0 11 0
592 0 1 27 67
593 3 0 6 37
594 0 0 1 98
595 0 6 4 7
596 0 8 18 41
597 2 2 10 100
598 1 3 0 134
599 0 1 59 23
600 0 6 5 53
601 0 0 1 12
602 3 0 16 67
603 1 2 6 59
604 0 4 23 11
605 0 4 14 26
606 2 5 2 12
607 0 4 11 0
608 5 16 11 60
609 2 3 5 103
610 0 5 3 0
611 0 5 7 47
612 7 7 0 44
613 8 4 5 45
614 0 4 1 18
615 0 0 19 116
616 6 0 2 73
617 0 12 0 0
618 2 4 9 16
619 42 1 7 1
620 0 8 29 35
621 0 0 4 24
622 5 2 6 52
623 0 9 0 58
624 0 1 1 10
625 10 3 11 32
626 4 6 30 132
627 5 6 0 16
628 4 17 6 34
629 2 6 16 14
630 0 1 9 88
631 1 3 3 86
632 0 2 5 10
633 0 1 8 6
634 0 9 14 52
635 0 3 0 44
636 0 3 8 13
637 6 5 5 32
638 0 7 11 7
639 0 0 1 28
640 2 0 20 0
641 0 1 0 31
642 0 0 0 49
643 0 6 14 70
644 0 6 2 77
645 0 0 0 32
646 0 0 10 31
647 2 5 18 9
648 0 0 3 15
649 0 2 13 40
650 10 9 4 50
651 3 6 25 5
652 0 2 15 91
653 51 5 11 7
654 0 0 3 26
655 0 9 9 26
656 6 1 9 0
657 8 5 5 50
658 11 0 12 29
659 0 3 2 162
660 14 6 7 100
661 0 3 5 4
662 1 0 5 46
663 0 11 4 11
664 0 0 4 113
665 0 0 4 90
666 6 0 9 11
667 1 3 18 37
668 0 4 0 26
669 0 5 5 63
670 2 5 10 32
671 0 3 3 106
672 0 4 7 18
673 4 4 14 85
674 0 7 1 42
675 0 0 0 59
676 2 9 13 0
677 3 0 5 44
678 8 2 5 50
679 0 1 11 22
680 0 6 28 9
681 0 1 7 35
682 0 5 3 27
683 22 0 10 48
684 0 16 3 0
685 0 5 12 67
686 0 0 1 9
687 0 11 5 3
688 6 2 12 115
689 2 6 7 16
690 7 8 5 19
691 17 2 9 6
692 0 3 8 45
693 9 6 26 15
694 20 6 3 0
695 2 0 6 24
696 0 2 20 4
697 0 2 4 72
698 0 1 0 16
699 2 2 7 63
700 0 4 9 107
701 4 0 17 19
702 0 0 5 69
703 2 9 32 57
704 0 11 8 3
705 0 0 6 29
706 0 0 2 13
707 0 6 9 64
708 0 7 6 65
709 0 0 6 53
710 0 2 11 34
711 0 3 9 76
712 6 2 9 61
713 0 0 9 10
714 0 2 2 88
715 0 5 14 7
716 0 0 10 78
717 3 3 18 89
718 0 5 9 0
719 31 2 39 0
720 0 2 4 40
721 0 0 16 5
722 0 2 3 86
723 0 1 6 63
724 0 9 20 108
725 0 6 13 8
726 0 1 33 0
727 0 4 2 68
728 7 0 36 72
729 2 7 0 15
730 2 5 20 30
731 0 0 2 41
732 5 7 16 18
733 0 18 0 0
734 5 2 6 72
735 0 14 10 12
736 2 1 17 29
737 0 3 12 76
738 2 10 0 50
739 0 0 8 46
740 5 4 8 12
741 0 3 0 10
742 1 9 5 7
743 0 1 19 10
744 0 2 12 43
745 1 2 14 25
746 0 0 19 47
747 0 6 7 51
748 12 0 13 22
749 1 14 3 33
750 0 0 12 81
751 1 11 6 12
752 0 0 12 20
753 5 5 4 46
754 3 3 19 3
755 0 6 2 24
756 0 0 15 14
757 0 0 16 11
758 0 0 14 7
759 3 0 6 31
760 0 2 28 112
761 0 0 5 26
762 1 6 0 54
763 0 13 23 0
764 0 1 3 34
765 0 1 4 22
766 0 1 16 82
767 0 0 2 0
768 4 4 8 86
769 0 12 2 33
770 0 1 21 17
771 2 3 15 72
772 0 1 17 86
773 5 2 6 57
774 2 0 3 28
775 0 2 18 47
776 0 5 14 16
777 4 2 9 12
778 0 4 1 2
779 0 0 13 14
780 3 0 7 44
781 0 3 4 21
782 0 5 13 45
783 0 4 21 49
784 0 12 0 0
785 8 0 0 9
786 0 2 13 24
787 0 3 0 22
788 0 4 7 8
789 0 2 0 109
790 0 1 23 16
791 1 3 41 29
792 1 2 2 16
793 1 2 11 96
794 0 4 21 38
795 0 3 4 72
796 5 0 13 74
797 8 2 18 27
798 6 7 4 37
799 10 6 5 4
800 2 5 10 3
801 9 6 3 37
802 0 2 6 46
803 3 14 0 9
804 9 0 6 24
805 4 1 0 4
806 0 6 1 22
807 3 5 5 33
808 3 0 8 9
809 1 1 20 34
810 2 2 20 6
811 0 0 5 12
812 7 0 9 34
813 0 3 13 62
814 0 0 7 4
815 0 0 28 83
816 0 6 11 47
817 0 0 2 43
818 1 4 2 22
819 4 4 12 88
820 0 0 7 32
821 0 1 6 54
822 0 7 28 27
823 0 1 22 110
824 0 1 6 62
825 0 4 3 37
826 12 2 0 36
827 0 3 1 16
828 0 2 27 115
829 11 3 7 34
830 0 1 0 38
831 0 3 7 36
832 16 3 1 63
833 0 6 20 5
834 0 1 10 70
835 0 3 29 41
836 0 9 5 43
837 0 0 13 0
838 13 3 3 15
839 0 5 0 8
840 3 0 8 47
841 0 5 7 85
842 17 9 1 11
843 0 2 2 30
844 3 2 0 11
845 0 3 23 60
846 13 0 25 33
847 10 0 0 39
848 3 0 9 33
849 2 0 20 97
850 7 12 10 46
851 2 13 19 129
852 0 4 3 30
853 2 7 9 27
854 0 6 1 0
855 0 0 21 36
856 3 4 6 5
857 0 0 2 82
858 2 8 14 14
859 1 0 17 36
860 0 2 13 111
861 0 8 6 27
862 6 5 13 23
863 0 1 6 18
864 1 0 3 75
865 2 5 5 38
866 6 0 0 42
867 3 4 0 0
868 1 0 4 69
869 0 5 10 47
870 0 12 26 28
871 0 0 3 24
872 1 5 3 46
873 0 3 4 89
874 1 0 2 49
875 1 0 1 21
876 0 1 0 53
877 3 3 12 0
878 0 0 5 38
879 0 0 13 16
880 12 0 0 93
881 3 3 2 56
882 0 6 8 26
883 2 0 0 34
884 0 7 26 40
885 0 4 3 32
886 1 3 6 61
887 3 0 6 34
888 0 0 1 38
889 0 2 3 18
890 23 1 14 48
891 0 1 10 31
892 2 8 20 15
893 0 6 15 66
894 0 1 7 64
895 6 0 14 59
896 0 0 6 83
897 0 5 7 52
898 0 8 15 15
899 16 3 2 31
900 0 7 1 43
901 0 5 7 52
902 0 0 0 57
903 0 9 28 42
904 1 0 3 0
905 0 0 7 20
906 4 13 11 27
907 0 2 4 15
908 0 10 7 51
909 0 13 0 38
910 0 5 15 60
911 0 3 5 78
912 0 1 5 60
913 0 0 7 49
914 4 3 10 13
915 0 0 48 0
916 4 4 21 27
917 0 5 7 91
918 0 10 0 20
919 1 7 0 10
920 1 7 18 28
921 0 2 2 21
922 0 6 6 63
923 0 2 15 44
924 6 0 34 30
925 3 0 7 23
926 1 4 17 99
927 0 0 0 18
928 0 4 0 34
929 0 0 0 32
930 0 0 3 12
931 1 1 13 19
932 1 7 6 22
933 0 2 16 33
934 2 0 0 20
935 0 0 8 0
936 0 4 10 17
937 0 4 4 17
938 0 1 2 6
939 0 6 17 45
940 0 4 5 88
941 1 12 19 69
942 4 8 11 67
943 0 2 36 0
944 0 0 3 60
945 4 3 12 59
946 12 8 3 57
947 5 1 10 9
948 0 5 2 60
949 1 8 3 23
950 0 1 5 54
951 0 2 27 39
952 0 1 14 46
953 0 1 3 53
954 2 1 6 10
955 0 7 0 36
956 0 4 6 47
957 0 1 3 15
958 0 0 2 107
959 0 1 3 44
960 0 3 14 25
961 0 1 7 16
962 0 7 14 29
963 5 3 2 36
964 0 2 26 40
965 0 0 14 17
966 2 2 11 0
967 0 2 0 69
968 2 4 8 0
969 0 4 6 80
970 0 5 0 37
971 14 4 1 70
972 33 2 17 66
973 5 17 4 51
974 1 0 10 75
975 0 10 19 12
976 0 0 2 26
977 0 0 36 73
978 0 0 9 61
979 0 0 3 24
980 2 0 14 2
981 0 10 0 35
982 1 10 3 37
983 0 2 35 57
984 4 3 17 24
985 1 3 9 8
986 6 5 4 15
987 15 7 8 36
988 5 2 46 41
989 2 0 2 141
990 5 0 2 33
991 14 0 11 86
992 0 3 0 16
993 1 0 15 22
994 1 1 10 56
995 0 4 4 28
996 33 1 3 31
997 0 7 8 60
998 5 1 0 59
999 0 0 9 14
1000 3 0 7 26
1001 1 1 4 54
1002 0 4 5 30
1003 5 2 11 11
1004 14 0 0 44
1005 0 8 8 43
1006 0 0 6 44
1007 7 3 4 42
1008 1 3 2 10
1009 4 0 17 33
1010 0 0 7 30
1011 2 4 0 46
1012 43 0 15 71
1013 9 7 10 43
1014 0 8 4 24
1015 8 3 2 29
1016 4 6 3 10
1017 0 2 6 8
1018 4 0 4 21
1019 0 9 1 41
1020 0 2 29 16
1021 0 1 0 34
1022 0 1 11 61
1023 0 0 13 53
1024 0 11 27 31
1025 0 1 5 42
1026 1 1 23 8
1027 0 2 0 18
1028 2 3 2 15
1029 0 3 7 49
1030 6 1 0 38
1031 4 2 2 58
1032 0 0 10 8
1033 0 2 0 70
1034 0 4 1 92
1035 5 3 16 48
1036 0 18 4 21
1037 0 2 21 34
1038 2 0 7 13
1039 5 4 0 21
1040 0 0 3 47
1041 2 0 3 62
1042 0 2 9 60
1043 0 11 20 75
1044 0 0 9 10
1045 3 1 0 143
1046 0 5 13 59
1047 0 6 6 36
1048 0 4 1 34
1049 0 0 4 26
1050 0 0 15 4
1051 0 0 5 7
1052 0 5 34 22
1053 0 1 4 17
1054 0 6 4 23
1055 0 0 1 28
1056 5 4 1 61
1057 0 2 3 64
1058 0 1 8 17
1059 0 3 14 49
1060 0 1 10 0
1061 5 1 5 59
1062 0 0 51 28
1063 10 0 0 143
1064 0 8 13 42
1065 0 0 17 102
1066 0 3 17 30
1067 0 7 3 45
1068 4 3 11 37
1069 10 1 0 43
1070 4 0 1 47
1071 1 9 44 0
1072 0 0 14 107
1073 5 2 28 45
1074 11 5 0 43
1075 1 0 2 64
1076 13 1 3 13
1077 0 1 0 73
1078 0 2 2 34
1079 1 1 0 39
1080 0 5 4 26
1081 6 5 13 47
1082 0 7 27 34
1083 0 8 6 58
1084 0 5 7 77
1085 0 0 4 23
1086 27 14 10 14
1087 0 5 10 5
1088 0 1 4 0
1089 0 26 11 52
1090 10 3 16 38
1091 0 4 3 26
1092 0 9 6 30
1093 3 3 5 16
1094 0 3 21 32
1095 0 1 5 47
1096 2 0 5 21
1097 0 0 8 41
1098 0 9 4 9
1099 0 3 7 49
1100 0 10 1 12
1101 0 0 11 23
1102 3 3 11 17
1103 0 3 1 28
1104 0 2 4 13
1105 0 0 0 24
1106 5 7 3 68
1107 1 5 0 36
1108 1 0 2 17
1109 0 0 5 43
1110 13 0 14 31
1111 0 11 5 13
1112 0 0 11 39
1113 9 0 14 20
1114 0 2 9 128
1115 8 6 0 60
1116 8 6 39 131
1117 4 0 4 65
1118 6 3 6 25
1119 3 1 23 90
1120 0 1 1 45
1121 2 12 9 51
1122 2 2 5 31
1123 5 2 7 104
1124 0 5 3 76
1125 0 6 15 66
1126 4 1 0 31
1127 0 6 22 16
1128 16 0 0 28
1129 0 9 10 31
1130 0 3 0 20
1131 0 0 0 186
1132 6 0 11 54
1133 9 0 7 40
1134 18 0 6 52
1135 0 3 4 28
1136 0 3 3 47
1137 4 2 2 23
1138 0 10 5 31
1139 18 7 8 0
1140 0 8 7 14
1141 0 3 19 110
1142 0 1 17 18
1143 3 3 12 74
1144 1 2 3 49
1145 1 3 0 0
1146 4 0 34 45
1147 0 1 8 11
1148 2 2 9 28
1149 0 0 19 56
1150 3 3 0 55
1151 16 4 13 37
1152 0 10 6 47
1153 2 0 6 157
1154 0 0 11 0
1155 6 2 6 18
1156 0 3 0 3
1157 0 6 13 17
1158 0 0 0 84
1159 8 4 13 11
1160 0 4 5 64
1161 2 0 6 56
1162 0 1 0 88
1163 0 5 23 0
1164 3 5 9 41
1165 2 4 1 19
1166 0 8 15 17
1167 0 5 22 39
1168 0 4 1 8
1169 0 5 27 48
1170 0 3 14 0
1171 13 2 3 19
1172 0 6 3 13
1173 5 6 6 20
1174 0 0 5 0
1175 0 5 0 33
1176 0 9 12 3
1177 0 0 0 61
1178 0 1 8 101
1179 1 5 22 52
1180 4 9 1 0
1181 4 0 11 35
1182 2 5 6 17
1183 0 0 0 60
1184 2 2 0 143
1185 5 5 3 6
1186 3 0 5 16
1187 1 0 2 67
1188 15 0 3 9
1189 0 0 4 21
1190 0 0 15 51
1191 5 6 3 22
1192 12 0 28 31
1193 0 4 6 34
1194 35 2 7 45
1195 0 6 8 50
1196 0 6 3 81
1197 0 4 10 65
1198 0 10 11 98
1199 13 7 5 62
1200 7 4 1 23
1201 0 2 0 75
1202 0 0 27 62
1203 0 2 4 20
1204 0 4 10 10
1205 0 3 12 49
1206 19 3 15 45
1207 0 6 9 48
1208 1 2 0 45
1209 0 5 16 53
1210 0 0 3 31
1211 0 6 0 44
1212 4 0 15 109
1213 0 0 29 58
1214 0 3 9 42
1215 0 6 21 42
1216 19 5 16 61
1217 0 0 3 42
1218 19 8 8 22
1219 3 11 14 44
1220 0 5 33 13
1221 6 3 3 21
1222 11 6 7 42
1223 0 0 7 18
1224 0 5 6 37
1225 2 6 15 8
1226 8 5 11 12
1227 2 3 58 10
1228 3 2 0 10
1229 0 6 13 3
1230 0 2 17 39
1231 0 11 0 50
1232 0 1 1 18
1233 2 1 0 26
1234 0 0 2 15
1235 0 4 9 14
1236 0 0 3 42
1237 0 0 22 49
1238 0 3 18 42
1239 0 4 5 50
1240 0 0 16 42
1241 1 11 11 103
1242 4 0 0 19
1243 0 0 12 36
1244 0 10 6 11
1245 1 0 24 78
1246 0 5 24 56
1247 5 0 2 34
1248 0 4 3 0
1249 2 2 5 69
1250 0 6 10 37
1251 0 11 12 64
1252 3 3 16 0
1253 1 2 9 11
1254 29 17 1 79
1255 0 2 17 34
1256 7 14 4 52
1257 0 0 13 16
1258 0 6 11 17
1259 0 0 7 44
1260 0 0 16 47
1261 0 4 7 26
1262 5 0 2 115
1263 0 3 29 0
1264 0 1 1 50
1265 11 4 0 0
1266 10 12 3 6
1267 0 2 0 18
1268 9 5 30 3
1269 0 8 10 3
1270 0 3 22 140
1271 4 11 28 34
1272 4 0 4 67
1273 2 1 14 60
1274 1 2 7 20
1275 0 2 21 45
1276 1 7 21 138
1277 15 4 1 28
1278 16 5 29 20
1279 9 0 9 68
1280 0 9 5 109
1281 0 0 6 14
1282 4 3 30 18
1283 2 3 8 20
1284 2 4 14 48
1285 0 0 2 15
1286 0 1 5 54
1287 3 6 18 104
1288 5 21 3 37
1289 2 4 0 23
1290 14 10 8 38
1291 3 4 10 19
1292 11 0 2 16
1293 2 4 6 38
1294 0 1 31 44
1295 6 0 8 89
1296 2 4 24 24
1297 0 4 9 29
1298 0 3 3 15
1299 0 0 0 67
1300 3 3 2 72
1301 0 0 10 0
1302 16 0 19 35
1303 0 0 13 51
1304 4 1 27 50
1305 1 2 5 55
1306 2 0 1 135
1307 0 0 4 47
1308 0 0 0 58
1309 0 5 8 64
1310 7 11 0 23
1311 21 0 15 31
1312 1 7 7 9
1313 0 0 3 36
1314 0 9 0 11
1315 0 0 6 4
1316 2 11 19 24
1317 2 10 18 48
1318 3 2 4 33
1319 0 4 2 29
1320 0 0 3 8
1321 12 0 7 37
1322 6 0 18 114
1323 0 8 29 56
1324 0 2 7 18
1325 5 0 1 11
1326 14 1 15 70
1327 0 0 2 20
1328 0 0 9 61
1329 39 6 11 64
1330 10 2 0 71
1331 11 4 7 4
1332 0 7 50 57
1333 2 4 17 3
1334 1 6 18 0
1335 0 9 12 0
1336 1 3 4 18
1337 0 0 6 17
1338 0 3 9 9
1339 7 0 28 30
1340 12 0 0 32
1341 17 6 3 70
1342 2 8 0 7
1343 2 0 6 31
1344 0 5 2 67
1345 6 2 6 21
1346 2 5 14 42
1347 0 0 11 12
1348 0 0 1 83
1349 0 4 7 95
1350 0 5 3 34
1351 0 2 1 0
1352 0 0 0 25
1353 0 2 0 19
1354 3 0 2 75
1355 2 0 5 35
1356 5 2 4 102
1357 3 0 0 12
1358 0 6 15 32
1359 0 0 9 55
1360 0 7 9 19
1361 0 0 3 61
1362 1 11 7 36
1363 0 0 0 19
1364 0 2 13 11
1365 4 0 4 53
1366 0 6 3 19
1367 0 11 0 0
1368 0 21 14 9
1369 9 2 13 49
1370 0 4 15 0
1371 0 6 11 33
1372 0 1 0 32
1373 8 1 6 5
1374 0 0 0 40
1375 26 2 6 25
1376 3 4 8 57
1377 5 0 0 6
1378 0 5 22 8
1379 5 0 4 92
1380 0 2 27 41
1381 2 2 11 38
1382 14 5 7 10
1383 2 10 23 39
1384 0 5 9 17
1385 0 1 4 72
1386 0 4 10 0
1387 0 0 4 29
1388 0 10 9 18
1389 0 4 0 26
1390 0 7 10 17
1391 42 5 16 32
1392 0 1 2 38
1393 11 2 29 36
1394 0 0 16 48
1395 5 0 7 198
1396 3 2 12 66
1397 9 6 12 0
1398 13 0 19 55
1399 0 10 18 51
1400 0 0 3 17
1401 1 9 12 49
1402 0 2 1 61
1403 0 0 10 28
1404 1 0 2 40
1405 0 3 23 31
1406 0 3 0 7
1407 0 0 15 15
1408 8 5 12 8
1409 0 1 26 21
1410 0 5 7 18
1411 4 0 0 46
1412 1 0 3 22
1413 0 8 15 73
1414 8 8 10 21
1415 1 1 7 99
1416 12 8 3 102
1417 0 6 4 98
1418 3 1 2 15
1419 0 1 1 21
1420 4 1 0 30
1421 0 2 5 38
1422 0 0 26 46
1423 0 6 7 76
1424 3 4 0 0
1425 0 1 1 25
1426 0 1 13 13
1427 0 2 1 47
1428 0 4 0 16
1429 0 0 4 24
1430 0 4 8 104
1431 0 2 1 34
1432 2 3 14 4
1433 0 11 4 63
1434 1 5 16 62
1435 2 1 7 5
1436 0 4 4 90
1437 2 5 1 39
1438 0 3 1 33
1439 0 1 6 9
1440 13 6 1 20
1441 0 12 0 81
1442 0 3 13 43
1443 4 2 5 102
1444 0 5 10 28
1445 5 8 1 51
1446 0 1 1 75
1447 0 8 0 39
1448 0 7 15 41
1449 5 5 1 15
1450 10 0 2 13
1451 0 0 5 14
1452 4 0 11 75
1453 0 0 20 69
1454 24 8 13 32
1455 4 6 5 104
1456 1 4 10 151
1457 1 8 0 57
1458 12 8 9 39
1459 0 10 4 17
1460 0 4 5 27
1461 5 3 0 59
1462 0 4 5 24
1463 4 1 10 34
1464 0 4 2 24
1465 1 5 0 45
1466 0 10 0 24
1467 2 1 0 8
1468 0 0 10 77
1469 12 1 5 41
1470 0 3 6 11
1471 12 2 1 55
1472 0 5 5 23
1473 1 4 37 11
1474 0 5 4 28
1475 0 3 36 89
1476 0 3 3 97
1477 1 3 14 13
1478 0 3 12 20
1479 6 0 10 36
1480 0 0 5 84
1481 0 3 11 63
1482 10 3 10 61
1483 1 4 19 21
1484 0 3 10 44
1485 8 0 5 6
1486 0 13 20 13
1487 12 0 5 16
1488 0 9 0 8
1489 0 2 0 22
1490 6 0 17 42
1491 6 9 10 18
1492 0 5 2 95
1493 7 1 23 39
1494 1 1 20 46
1495 0 5 19 27
1496 0 3 2 0
1497 0 4 1 77
1498 0 8 10 0
1499 0 2 5 53
1500 0 2 6 27
1501 1 6 26 56
1502 0 2 16 0
1503 0 3 0 20
1504 0 1 4 72
1505 0 10 4 27
1506 0 13 5 36
1507 0 5 2 27
1508 0 4 14 20
1509 12 0 24 34
1510 0 5 8 16
1511 3 3 14 13
1512 0 1 0 37
1513 0 3 30 49
1514 0 7 15 22
1515 21 2 32 32
1516 0 10 10 48
1517 5 2 7 33
1518 0 2 1 37
1519 0 2 6 47
1520 4 3 3 40
1521 6 10 0 23
1522 0 3 8 57
1523 0 6 0 51
1524 0 0 13 31
1525 0 3 1 94
1526 2 4 7 19
1527 0 0 14 32
1528 15 12 17 9
1529 0 0 1 0
1530 0 3 9 92
1531 0 7 17 14
1532 0 5 29 75
1533 0 0 6 13
1534 0 2 12 70
1535 0 5 2 87
1536 0 3 2 73
1537 0 2 6 101
1538 0 13 9 40
1539 0 0 41 17
1540 5 5 0 34
1541 0 3 9 0
1542 0 1 4 27
1543 0 0 18 9
1544 4 6 0 24
1545 0 11 11 55
1546 11 0 2 82
1547 0 4 3 33
1548 6 5 20 12
1549 1 4 9 18
1550 0 1 3 52
1551 0 0 7 3
1552 0 25 7 23
1553 0 3 3 8
1554 1 2 12 37
1555 2 1 2 1
1556 2 0 3 42
1557 0 0 21 26
1558 3 5 10 78
1559 0 0 27 41
1560 0 0 5 26
1561 14 0 14 6
1562 0 0 6 30
1563 3 0 6 14
1564 0 3 10 24
1565 6 2 5 32
1566 7 1 25 68
1567 0 8 0 0
1568 4 3 2 21
1569 0 5 23 20
1570 0 3 6 0
1571 0 7 27 122
1572 0 0 17 30
1573 16 2 16 30
1574 0 0 6 33
1575 0 2 34 53
1576 0 1 16 1
1577 3 0 6 12
1578 0 5 0 27
1579 0 0 5 50
1580 0 1 14 17
1581 0 0 6 50
1582 0 0 26 23
1583 3 1 17 39
1584 0 8 5 32
1585 0 4 1 12
1586 0 0 5 47
1587 1 6 6 8
1588 0 0 7 57
1589 0 8 16 11
1590 5 15 9 11
1591 7 0 27 26
1592 0 0 15 4
1593 1 0 0 7
1594 0 4 6 40
1595 5 0 17 30
1596 8 5 14 16
1597 1 2 3 7
1598 1 3 3 118
1599 0 8 3 22
1600 1 2 9 11
1601 0 0 3 38
1602 0 3 17 71
1603 0 5 3 22
1604 0 12 10 27
1605 0 0 12 45
1606 0 4 5 79
1607 0 4 13 43
1608 3 1 16 135
1609 0 1 1 42
1610 1 0 24 0
1611 5 1 0 17
1612 0 6 17 38
1613 0 2 3 27
1614 1 3 35 42
1615 13 0 1 63
1616 0 0 24 9
1617 0 11 18 32
1618 13 7 7 126
1619 1 0 4 18
1620 0 0 0 21
1621 2 4 8 84
1622 6 6 26 25
1623 3 12 17 33
1624 0 6 13 74
1625 2 5 0 101
1626 1 5 9 18
1627 2 3 2 38
1628 5 1 5 32
1629 0 2 12 4
1630 2 9 3 43
1631 3 2 9 51
1632 0 1 7 22
1633 2 6 5 11
1634 22 5 0 20
1635 0 4 9 10
1636 8 0 19 9
1637 12 5 0 36
1638 3 0 9 24
1639 3 1 2 41
1640 0 0 14 21
1641 0 0 24 6
1642 0 2 5 11
1643 0 5 7 52
1644 1 2 6 2
1645 0 7 7 21
1646 0 5 15 20
1647 0 0 8 15
1648 0 4 5 12
1649 1 2 10 36
1650 1 7 13 30
1651 5 11 2 14
1652 0 4 5 24
1653 0 0 10 61
1654 0 3 8 28
1655 0 8 8 3
1656 0 4 9 70
1657 8 5 1 34
1658 0 0 13 38
1659 12 11 9 9
1660 2 2 9 69
1661 1 1 2 35
1662 1 1 7 24
1663 0 11 0 14
1664 4 13 6 79
1665 0 0 0 37
1666 0 0 10 42
1667 0 1 8 13
1668 0 19 12 7
1669 0 1 16 36
1670 0 6 4 97
1671 12 6 4 26
1672 0 0 0 37
1673 0 9 40 9
1674 8 4 23 61
1675 2 0 2 29
1676 1 0 4 24
1677 0 10 4 37
1678 2 0 2 18
1679 0 7 2 0
1680 0 5 0 7
1681 8 0 7 28
1682 1 0 12 11
1683 3 7 22 38
1684 0 4 0 40
1685 3 0 12 0
1686 0 1 22 9
1687 13 3 4 13
1688 14 2 1 33
1689 0 14 2 155
1690 1 12 9 47
1691 0 3 16 4
1692 4 1 4 32
1693 6 11 5 36
1694 4 12 3 0
1695 8 0 3 26
1696 0 3 10 24
1697 6 6 16 34
1698 0 0 7 32
1699 0 1 27 26
1700 6 8 18 42
1701 2 12 15 20
1702 0 6 2 30
1703 0 3 5 24
1704 1 5 0 72
1705 0 3 4 39
1706 0 9 3 52
1707 0 5 2 24
1708 0 2 5 96
1709 1 5 29 4
1710 0 0 0 31
1711 0 0 7 6
1712 0 1 23 27
1713 0 3 3 48
1714 7 2 14 108
1715 3 0 20 5
1716 0 4 1 49
1717 3 0 16 100
1718 0 0 12 37
1719 0 8 6 47
1720 1 1 12 75
1721 0 5 0 73
1722 2 7 0 14
1723 0 9 21 8
1724 0 0 0 0
1725 0 7 7 4
1726 1 7 0 30
1727 0 5 2 3
1728 0 9 6 20
1729 0 4 3 22
1730 2 4 10 38
1731 0 3 0 52
1732 3 1 6 48
1733 0 0 9 28
1734 0 11 28 30
1735 0 15 0 17
1736 0 5 29 41
1737 0 3 14 71
1738 0 3 6 24
1739 1 6 13 31
1740 0 6 19 10
1741 0 1 0 87
1742 0 2 7 22
1743 5 1 17 12
1744 0 6 15 92
1745 0 0 4 0
1746 7 1 24 56
1747 2 4 6 6
1748 9 1 0 22
1749 0 3 7 36
1750 0 6 2 13
1751 12 5 1 34
1752 5 3 7 23
1753 9 1 11 60
1754 0 6 30 29
1755 2 5 4 35
1756 0 3 7 19
1757 0 16 6 29
1758 0 3 7 95
1759 0 0 2 60
1760 0 4 16 26
1761 0 2 19 14
1762 0 3 0 11
1763 0 2 9 47
1764 0 8 8 61
1765 0 0 4 41
1766 0 0 12 15
1767 0 6 0 43
1768 0 3 0 34
1769 0 3 0 23
1770 8 1 3 37
1771 0 0 18 127
1772 1 3 6 20
1773 6 7 12 12
1774 0 3 0 9
1775 0 0 6 19
1776 0 5 3 22
1777 15 0 5 73
1778 8 3 7 0
1779 0 2 11 33
1780 1 10 14 16
1781 27 6 6 0
1782 0 0 19 22
1783 0 0 7 69
1784 2 7 6 9
1785 6 2 20 2
1786 0 4 8 33
1787 0 0 2 37
1788 0 12 11 68
1789 3 4 14 0
1790 13 4 27 18
1791 0 5 12 75
1792 5 0 0 51
1793 0 6 7 12
1794 0 3 34 42
1795 7 16 8 62
1796 1 3 1 76
1797 0 7 1 26
1798 1 1 4 28
1799 0 0 6 0
1800 0 9 1 38
1801 0 0 0 11
1802 0 0 5 50
1803 1 4 12 78
1804 0 3 3 11
1805 0 0 0 26
1806 3 7 14 131
1807 6 10 4 15
1808 3 0 5 24
1809 0 1 0 32
1810 20 6 9 15
1811 0 8 16 9
1812 0 2 3 13
1813 6 2 7 16
1814 4 5 18 58
1815 0 0 4 33
1816 2 6 4 50
1817 0 0 21 45
1818 5 0 10 46
1819 0 2 3 4
1820 1 4 10 4
1821 0 4 6 24
1822 0 4 11 54
1823 3 1 7 0
1824 0 12 1 19
1825 19 0 5 11
1826 2 0 14 4
1827 0 1 3 17
1828 0 0 0 46
1829 10 0 15 54
1830 0 10 3 18
1831 0 14 5 5
1832 0 0 12 0
1833 0 1 12 23
1834 0 0 0 36
1835 14 2 0 34
1836 2 0 12 4
1837 2 1 2 63
1838 0 6 12 20
1839 0 6 12 53
1840 0 2 3 30
1841 0 18 2 11
1842 0 5 17 50
1843 0 0 14 60
1844 9 5 16 66
1845 0 1 29 13
1846 0 14 15 25
1847 2 0 1 81
1848 0 10 0 54
1849 1 6 6 24
1850 0 0 18 30
1851 1 7 14 27
1852 3 5 4 43
1853 16 10 8 69
1854 9 0 10 24
1855 0 7 8 7
1856 1 1 32 15
1857 0 11 26 8
1858 8 0 7 0
1859 2 0 21 59
1860 2 7 1 12
1861 0 5 3 38
1862 0 1 9 32
1863 0 0 0 52
1864 0 0 7 102
1865 0 0 0 2
1866 9 8 17 54
1867 0 3 6 0
1868 2 4 18 9
1869 0 8 2 18
1870 1 1 16 12
1871 2 9 2 31
1872 0 3 3 9
1873 0 3 9 29
1874 8 7 6 121
1875 9 3 5 88
1876 4 5 5 21
1877 0 6 6 24
1878 0 6 4 18
1879 5 2 1 28
1880 3 1 6 56
1881 0 9 1 20
1882 0 0 0 101
1883 1 2 5 0
1884 4 4 1 76
1885 1 2 19 32
1886 4 4 9 50
1887 0 5 14 32
1888 6 3 14 90
1889 0 1 3 60
1890 0 16 1 31
1891 0 2 9 7
1892 2 2 9 16
1893 0 0 14 57
1894 0 2 5 10
1895 0 0 8 47
1896 0 3 32 32
1897 2 10 8 1
1898 0 0 4 155
1899 1 2 11 59
1900 0 4 1 14
1901 0 3 7 81
1902 0 3 32 94
1903 1 9 5 35
1904 1 6 11 95
1905 6 2 7 15
1906 0 5 6 48
1907 0 2 0 4
1908 0 0 10 49
1909 2 0 12 59
1910 0 1 0 91
1911 0 3 26 31
1912 0 1 6 14
1913 0 8 12 46
1914 3 0 0 36
1915 0 1 5 19
1916 4 0 20 10
1917 1 2 4 90
1918 0 2 9 48
1919 2 0 1 33
1920 0 0 11 72
1921 0 8 10 30
1922 0 1 5 47
1923 0 0 13 40
1924 0 0 0 27
1925 10 0 14 18
1926 0 3 24 17
1927 0 5 7 28
1928 0 0 6 66
1929 0 4 16 89
1930 0 5 6 49
1931 0 3 0 10
1932 6 3 0 37
1933 0 7 6 40
1934 1 0 10 25
1935 1 4 8 53
1936 8 6 16 68
1937 0 2 2 62
1938 16 0 2 21
1939 1 4 3 0
1940 0 4 0 39
1941 1 2 8 69
1942 0 0 25 40
1943 0 7 20 71
1944 2 10 3 61
1945 0 3 0 26
1946 3 20 12 164
1947 1 3 4 47
1948 0 4 4 89
1949 9 1 17 40
1950 4 7 1 75
1951 14 4 5 27
1952 1 10 1 32
1953 0 0 5 108
1954 0 0 7 15
1955 0 5 32 7
1956 0 0 48 20
1957 0 3 5 4
1958 24 2 2 109
1959 0 0 5 2
1960 0 4 10 26
1961 1 0 2 108
1962 0 3 11 67
1963 3 6 11 5
1964 5 8 15 36
1965 0 3 15 72
1966 6 0 5 23
1967 0 5 6 10
1968 5 0 26 19
1969 0 8 15 133
1970 4 3 0 56
1971 0 5 0 115
1972 1 0 1 44
1973 0 9 4 25
1974 1 1 9 22
1975 0 0 3 45
1976 0 5 7 54
1977 0 6 10 21
1978 0 0 22 57
1979 17 4 0 22
1980 21 0 17 77
1981 2 5 6 88
1982 1 2 0 25
1983 0 2 20 51
1984 0 12 0 53
1985 2 1 6 24
1986 7 0 21 33
1987 0 9 16 12
1988 3 7 2 5
1989 1 2 0 14
1990 0 10 1 13
1991 4 8 1 15
1992 0 8 17 15
1993 0 0 2 1
1994 0 1 1 30
1995 0 9 10 0
1996 4 8 9 65
1997 0 8 13 35
1998 13 5 12 7
1999 0 3 6 40
2000 0 2 0 35
