1 159 60
2 185 71
3 157 64
4 156 38
5 182 65
6 165 74
7 189 75
8 182 84
9 185 85
10 162 47
11 168 61
12 160 64
13 193 103
14 190 75
15 173 74
16 163 37
17 171 53
18 162 64
19 169 92
20 155 50
21 164 78
22 178 84
23 168 74
24 189 57
25 171 57
26 163 71
27 178 68
28 152 52
29 154 51
30 165 49
31 197 93
32 162 55
33 157 54
34 211 79
35 174 91
36 167 73
37 155 54
38 151 45
39 187 94
40 187 94
41 194 106
42 164 60
43 171 44
44 159 30
45 157 73
46 165 34
47 182 95
48 177 59
49 184 65
50 178 44
51 167 62
52 218 97
53 165 53
54 163 68
55 179 81
56 193 91
57 178 62
58 153 37
59 186 83
60 158 51
61 175 79
62 202 93
63 154 66
64 167 59
65 169 81
66 155 34
67 152 42
68 184 86
69 158 64
70 167 54
71 163 58
72 190 92
73 206 95
74 163 67
75 153 42
76 167 66
77 159 45
78 166 53
79 178 37
80 182 97
81 184 93
82 158 59
83 179 95
84 218 157
85 162 52
86 204 71
87 181 80
88 162 61
89 162 84
90 159 53
91 170 86
92 166 62
93 157 55
94 195 110
95 153 42
96 178 66
97 174 58
98 169 64
99 162 78
100 176 77
101 169 76
102 177 75
103 165 67
104 188 88
105 184 69
106 161 55
107 166 81
108 178 45
109 153 36
110 164 75
111 183 70
112 152 48
113 160 48
114 176 54
115 196 87
116 164 46
117 160 51
118 155 66
119 169 83
120 174 77
121 161 60
122 158 53
123 171 87
124 154 46
125 182 53
126 177 80
127 157 51
128 181 99
129 160 56
130 201 108
131 169 67
132 182 80
133 201 101
134 153 47
135 185 92
136 178 60
137 168 63
138 219 87
139 186 79
140 171 63
141 180 66
142 170 69
143 165 41
144 178 86
145 156 55
146 171 84
147 172 62
148 164 60
149 169 63
150 189 61
151 166 65
152 166 65
153 163 69
154 170 58
155 186 80
156 170 55
157 181 94
158 159 45
159 177 75
160 167 51
161 183 90
162 149 49
163 188 101
164 167 69
165 163 47
166 157 53
167 168 56
168 178 66
169 159 60
170 171 60
171 179 91
172 164 56
173 172 80
174 172 70
175 169 56
176 163 53
177 167 64
178 157 42
179 148 33
180 161 52
181 177 88
182 169 80
183 179 104
184 162 74
185 156 39
186 160 66
187 167 50
188 204 102
189 166 54
190 168 42
191 157 33
192 181 81
193 192 83
194 184 80
195 201 89
196 159 70
197 161 77
198 166 49
199 153 47
200 168 55
201 176 91
202 164 62
203 156 41
204 156 26
205 162 61
206 199 86
207 160 43
208 163 52
209 169 58
210 180 91
211 198 128
212 171 83
213 162 75
214 164 71
215 219 98
216 174 37
217 201 71
218 178 60
219 175 90
220 208 110
221 192 119
222 174 82
223 182 82
224 181 63
225 162 69
226 178 50
227 159 73
228 160 19
229 166 85
230 179 73
231 197 110
232 165 69
233 194 103
234 198 110
235 162 64
236 151 50
237 204 87
238 168 66
239 154 60
240 163 36
241 160 47
242 165 45
243 148 55
244 157 46
245 173 65
246 178 81
247 170 44
248 171 73
249 164 67
250 177 60
251 180 100
252 155 47
253 175 66
254 152 51
255 151 36
256 220 102
257 194 70
258 170 54
259 174 78
260 161 76
261 197 105
262 181 76
263 153 44
264 170 64
265 168 60
266 162 60
267 170 68
268 164 75
269 174 78
270 160 63
271 161 53
272 201 85
273 205 65
274 163 69
275 174 71
276 168 60
277 163 54
278 183 85
279 160 48
280 171 76
281 167 77
282 198 91
283 209 103
284 178 82
285 207 77
286 165 63
287 172 61
288 175 40
289 174 97
290 175 49
291 179 79
292 162 83
293 157 51
294 173 70
295 175 65
296 204 126
297 185 94
298 161 48
299 205 140
300 156 66
301 175 61
302 178 67
303 215 87
304 181 74
305 181 82
306 184 115
307 175 79
308 179 58
309 204 88
310 185 121
311 191 102
312 166 55
313 181 35
314 216 106
315 175 84
316 173 55
317 187 81
318 166 63
319 185 106
320 179 86
321 200 84
322 174 64
323 180 100
324 203 118
325 194 109
326 211 94
327 183 53
328 167 50
329 165 64
330 186 84
331 169 67
332 162 69
333 164 53
334 156 55
335 180 91
336 158 62
337 160 45
338 151 49
339 169 63
340 176 87
341 170 80
342 152 56
343 188 68
344 184 79
345 158 41
346 157 56
347 173 70
348 178 75
349 152 37
350 178 67
351 157 47
352 197 88
353 152 26
354 186 70
355 194 99
356 198 115
357 177 70
358 160 48
359 169 56
360 188 93
361 162 54
362 185 82
363 160 52
364 195 36
365 156 59
366 162 49
367 161 50
368 156 48
369 167 75
370 180 70
371 190 104
372 179 56
373 199 50
374 176 81
375 167 48
376 164 69
377 178 61
378 149 32
379 187 67
380 158 35
381 191 93
382 167 75
383 152 52
384 177 67
385 175 91
386 164 71
387 153 52
388 148 39
389 202 116
390 156 54
391 164 63
392 170 73
393 182 69
394 186 84
395 196 97
396 170 51
397 175 55
398 170 44
399 177 62
400 157 38
401 160 35
402 209 86
403 164 42
404 190 119
405 160 76
406 180 82
407 209 102
408 197 51
409 179 65
410 175 65
411 174 73
412 212 93
413 156 56
414 163 54
415 167 56
416 186 78
417 170 65
418 196 80
419 195 84
420 191 82
421 166 39
422 161 49
423 183 65
424 154 38
425 212 105
426 185 119
427 151 36
428 165 53
429 162 65
430 173 62
431 155 46
432 161 64
433 181 82
434 179 82
435 170 75
436 167 43
437 159 64
438 168 55
439 181 81
440 187 86
441 178 82
442 152 52
443 194 104
444 155 46
445 185 85
446 181 70
447 148 52
448 159 60
449 153 36
450 189 99
451 182 92
452 204 66
453 164 51
454 181 85
455 169 54
456 161 26
457 171 72
458 195 80
459 165 53
460 153 46
461 187 64
462 164 52
463 152 54
464 188 75
465 153 43
466 173 70
467 186 83
468 191 109
469 159 60
470 183 88
471 153 57
472 172 68
473 159 48
474 168 37
475 163 53
476 151 59
477 174 80
478 194 67
479 193 89
480 153 58
481 188 66
482 178 63
483 170 74
484 161 62
485 181 88
486 149 35
487 179 87
488 185 88
489 152 31
490 182 72
491 186 83
492 160 54
493 186 84
494 158 48
495 187 122
496 184 64
497 175 59
498 200 125
499 174 80
500 162 69
501 198 113
502 171 80
503 165 58
504 176 44
505 165 60
506 188 105
507 176 58
508 176 79
509 185 90
510 154 62
511 176 53
512 185 89
513 167 63
514 149 49
515 154 47
516 181 96
517 200 67
518 182 98
519 147 45
520 151 64
521 177 71
522 176 55
523 178 80
524 158 38
525 155 35
526 174 54
527 165 72
528 181 95
529 163 65
530 166 67
531 173 53
532 167 57
533 169 81
534 172 81
535 155 53
536 165 45
537 165 54
538 170 64
539 156 45
540 210 118
541 160 63
542 204 97
543 156 47
544 191 89
545 194 39
546 179 93
547 167 62
548 186 76
549 161 89
550 160 51
551 178 81
552 169 79
553 185 86
554 163 37
555 189 87
556 194 94
557 173 87
558 179 62
559 204 80
560 161 45
561 194 79
562 187 75
563 154 58
564 152 34
565 157 55
566 161 44
567 160 52
568 178 67
569 200 99
570 173 60
571 211 122
572 152 38
573 165 46
574 161 50
575 182 102
576 164 67
577 161 80
578 190 93
579 192 74
580 185 84
581 158 48
582 167 74
583 200 86
584 164 68
585 175 94
586 158 66
587 185 57
588 169 99
589 188 63
590 154 48
591 175 72
592 190 98
593 197 107
594 167 62
595 178 55
596 182 64
597 154 61
598 189 106
599 159 58
600 185 99
601 158 53
602 193 69
603 206 95
604 163 55
605 190 65
606 178 73
607 170 57
608 163 61
609 174 60
610 199 119
611 179 93
612 168 59
613 179 55
614 152 56
615 171 76
616 168 71
617 151 37
618 190 87
619 157 56
620 173 76
621 182 90
622 162 53
623 176 52
624 172 64
625 169 56
626 156 44
627 161 40
628 170 60
629 170 51
630 169 72
631 168 68
632 185 89
633 162 63
634 156 76
635 198 93
636 161 52
637 164 49
638 177 70
639 164 68
640 179 61
641 164 74
642 158 51
643 184 75
644 212 121
645 185 65
646 188 85
647 154 45
648 189 90
649 161 68
650 156 40
651 167 72
652 202 105
653 168 60
654 182 50
655 195 98
656 199 100
657 199 70
658 169 65
659 174 72
660 172 62
661 186 90
662 190 81
663 157 56
664 193 68
665 213 104
666 183 59
667 178 77
668 178 66
669 187 43
670 191 81
671 157 54
672 207 66
673 163 48
674 157 62
675 167 52
676 184 99
677 167 53
678 158 54
679 178 40
680 160 43
681 172 65
682 179 78
683 162 64
684 188 78
685 201 105
686 193 74
687 202 101
688 187 58
689 200 82
690 162 61
691 157 50
692 178 109
693 181 77
694 164 24
695 158 44
696 166 61
697 168 63
698 170 72
699 166 51
700 178 57
701 158 48
702 195 86
703 184 69
704 173 68
705 150 45
706 175 66
707 159 33
708 159 53
709 164 67
710 178 61
711 167 51
712 194 87
713 175 50
714 159 68
715 157 46
716 170 92
717 161 78
718 165 65
719 161 68
720 170 49
721 155 54
722 166 51
723 164 59
724 161 47
725 170 54
726 168 76
727 167 55
728 191 115
729 163 54
730 197 86
731 157 34
732 196 115
733 153 73
734 181 81
735 175 56
736 168 72
737 170 77
738 185 70
739 173 68
740 157 63
741 182 55
742 189 106
743 190 96
744 153 42
745 151 48
746 205 107
747 153 37
748 150 43
749 178 61
750 184 60
751 180 72
752 191 88
753 173 67
754 187 95
755 160 52
756 203 102
757 178 81
758 168 68
759 171 52
760 161 53
761 156 52
762 175 70
763 166 72
764 186 119
765 174 79
766 176 85
767 169 59
768 189 81
769 178 80
770 199 131
771 152 48
772 172 72
773 191 86
774 170 58
775 157 58
776 199 85
777 168 54
778 176 45
779 207 89
780 161 59
781 175 53
782 151 51
783 171 58
784 178 74
785 174 71
786 203 111
787 197 60
788 155 58
789 212 110
790 159 52
791 159 60
792 178 62
793 182 88
794 163 65
795 175 50
796 173 60
797 213 109
798 211 126
799 187 78
800 210 95
801 183 95
802 162 67
803 164 71
804 196 64
805 166 60
806 167 56
807 184 77
808 203 106
809 164 50
810 171 59
811 196 75
812 157 66
813 164 41
814 158 27
815 191 79
816 163 72
817 151 40
818 148 42
819 206 116
820 202 128
821 175 86
822 154 53
823 197 91
824 153 38
825 166 54
826 150 27
827 169 70
828 154 56
829 158 55
830 169 68
831 170 65
832 163 64
833 166 58
834 151 38
835 153 55
836 163 48
837 197 112
838 184 106
839 176 74
840 159 49
841 160 74
842 194 108
843 151 38
844 166 66
845 178 97
846 163 65
847 167 82
848 199 88
849 174 61
850 174 49
851 182 90
852 166 60
853 170 34
854 189 116
855 179 68
856 178 73
857 157 37
858 162 64
859 160 66
860 163 65
861 197 123
862 167 54
863 170 70
864 194 91
865 155 37
866 183 74
867 188 87
868 186 74
869 188 57
870 164 64
871 153 43
872 180 58
873 159 59
874 156 65
875 165 77
876 204 89
877 160 42
878 187 83
879 185 72
880 166 60
881 163 66
882 172 59
883 174 54
884 160 46
885 193 124
886 157 68
887 190 79
888 179 52
889 190 65
890 178 80
891 189 56
892 203 91
893 159 48
894 188 97
895 164 73
896 164 80
897 152 58
898 154 41
899 185 95
900 168 69
901 159 61
902 174 84
903 179 88
904 174 69
905 183 71
906 147 51
907 173 57
908 163 61
909 187 53
910 178 70
911 178 81
912 204 97
913 196 67
914 178 63
915 192 77
916 152 55
917 164 66
918 180 61
919 183 55
920 152 38
921 185 90
922 155 63
923 176 78
924 153 45
925 172 76
926 172 82
927 180 96
928 168 61
929 154 49
930 175 73
931 178 80
932 173 58
933 180 86
934 164 55
935 177 76
936 188 87
937 170 85
938 160 58
939 161 43
940 172 54
941 202 108
942 205 86
943 183 85
944 165 74
945 206 87
946 203 108
947 212 84
948 180 83
949 173 79
950 171 69
951 166 90
952 185 61
953 215 90
954 164 51
955 184 93
956 190 75
957 175 73
958 162 70
959 163 56
960 191 69
961 165 64
962 165 55
963 172 53
964 155 35
965 194 104
966 186 93
967 170 61
968 195 63
969 172 57
970 166 48
971 176 84
972 172 50
973 171 75
974 169 34
975 160 56
976 186 90
977 178 66
978 153 52
979 187 85
980 159 44
981 201 93
982 186 81
983 168 41
984 156 49
985 166 61
986 174 45
987 185 81
988 194 84
989 165 58
990 157 38
991 199 104
992 169 60
993 166 79
994 157 46
995 157 37
996 155 50
997 169 58
998 165 59
999 205 120
1000 157 51
